\BOOKMARK [0][-]{chapter.1}{\376\377\0001\000\040\000C\000l\000a\000s\000s\000\040\000I\000n\000d\000e\000x}{}% 1
\BOOKMARK [1][-]{section.1.1}{\376\377\0001\000.\0001\000\040\000C\000l\000a\000s\000s\000\040\000L\000i\000s\000t}{chapter.1}% 2
\BOOKMARK [0][-]{chapter.2}{\376\377\0002\000\040\000F\000i\000l\000e\000\040\000I\000n\000d\000e\000x}{}% 3
\BOOKMARK [1][-]{section.2.1}{\376\377\0002\000.\0001\000\040\000F\000i\000l\000e\000\040\000L\000i\000s\000t}{chapter.2}% 4
\BOOKMARK [0][-]{chapter.3}{\376\377\0003\000\040\000C\000l\000a\000s\000s\000\040\000D\000o\000c\000u\000m\000e\000n\000t\000a\000t\000i\000o\000n}{}% 5
\BOOKMARK [1][-]{section.3.1}{\376\377\0003\000.\0001\000\040\000N\000a\000v\000i\000g\000a\000t\000o\000r\000\040\000C\000l\000a\000s\000s\000\040\000R\000e\000f\000e\000r\000e\000n\000c\000e}{chapter.3}% 6
\BOOKMARK [2][-]{subsection.3.1.1}{\376\377\0003\000.\0001\000.\0001\000\040\000D\000e\000t\000a\000i\000l\000e\000d\000\040\000D\000e\000s\000c\000r\000i\000p\000t\000i\000o\000n}{section.3.1}% 7
\BOOKMARK [2][-]{subsection.3.1.2}{\376\377\0003\000.\0001\000.\0002\000\040\000C\000o\000n\000s\000t\000r\000u\000c\000t\000o\000r\000\040\000\046\000\040\000D\000e\000s\000t\000r\000u\000c\000t\000o\000r\000\040\000D\000o\000c\000u\000m\000e\000n\000t\000a\000t\000i\000o\000n}{section.3.1}% 8
\BOOKMARK [3][-]{subsubsection.3.1.2.1}{\376\377\0003\000.\0001\000.\0002\000.\0001\000\040\000N\000a\000v\000i\000g\000a\000t\000o\000r\000\050\000\051}{subsection.3.1.2}% 9
\BOOKMARK [2][-]{subsection.3.1.3}{\376\377\0003\000.\0001\000.\0003\000\040\000M\000e\000m\000b\000e\000r\000\040\000F\000u\000n\000c\000t\000i\000o\000n\000\040\000D\000o\000c\000u\000m\000e\000n\000t\000a\000t\000i\000o\000n}{section.3.1}% 10
\BOOKMARK [3][-]{subsubsection.3.1.3.1}{\376\377\0003\000.\0001\000.\0003\000.\0001\000\040\000a\000d\000d\000O\000b\000s\000t\000a\000c\000l\000e\000\050\000\051}{subsection.3.1.3}% 11
\BOOKMARK [3][-]{subsubsection.3.1.3.2}{\376\377\0003\000.\0001\000.\0003\000.\0002\000\040\000c\000o\000n\000v\000e\000r\000t\000T\000o\000A\000r\000r\000a\000y\000\050\000\051}{subsection.3.1.3}% 12
\BOOKMARK [3][-]{subsubsection.3.1.3.3}{\376\377\0003\000.\0001\000.\0003\000.\0003\000\040\000c\000r\000e\000a\000t\000e\000M\000a\000p\000\050\000\051}{subsection.3.1.3}% 13
\BOOKMARK [3][-]{subsubsection.3.1.3.4}{\376\377\0003\000.\0001\000.\0003\000.\0004\000\040\000m\000i\000l\000l\000i\000T\000o\000G\000r\000i\000d\000\050\000\051}{subsection.3.1.3}% 14
\BOOKMARK [3][-]{subsubsection.3.1.3.5}{\376\377\0003\000.\0001\000.\0003\000.\0005\000\040\000n\000e\000x\000t\000D\000i\000r\000e\000c\000t\000i\000o\000n\000\050\000\051}{subsection.3.1.3}% 15
\BOOKMARK [3][-]{subsubsection.3.1.3.6}{\376\377\0003\000.\0001\000.\0003\000.\0006\000\040\000n\000e\000x\000t\000M\000o\000v\000e\000\050\000\051}{subsection.3.1.3}% 16
\BOOKMARK [3][-]{subsubsection.3.1.3.7}{\376\377\0003\000.\0001\000.\0003\000.\0007\000\040\000n\000o\000O\000b\000s\000t\000a\000c\000l\000e\000\050\000\051}{subsection.3.1.3}% 17
\BOOKMARK [3][-]{subsubsection.3.1.3.8}{\376\377\0003\000.\0001\000.\0003\000.\0008\000\040\000p\000r\000i\000n\000t\000M\000a\000p\000\050\000\051}{subsection.3.1.3}% 18
\BOOKMARK [3][-]{subsubsection.3.1.3.9}{\376\377\0003\000.\0001\000.\0003\000.\0009\000\040\000p\000r\000i\000n\000t\000M\000o\000v\000e\000D\000a\000t\000a\000\050\000\051}{subsection.3.1.3}% 19
\BOOKMARK [3][-]{subsubsection.3.1.3.10}{\376\377\0003\000.\0001\000.\0003\000.\0001\0000\000\040\000p\000r\000i\000n\000t\000R\000e\000t\000u\000r\000n\000M\000o\000v\000e\000D\000a\000t\000a\000\050\000\051}{subsection.3.1.3}% 20
\BOOKMARK [3][-]{subsubsection.3.1.3.11}{\376\377\0003\000.\0001\000.\0003\000.\0001\0001\000\040\000p\000r\000i\000o\000r\000i\000t\000i\000s\000e\000M\000a\000p\000\050\000\051}{subsection.3.1.3}% 21
\BOOKMARK [3][-]{subsubsection.3.1.3.12}{\376\377\0003\000.\0001\000.\0003\000.\0001\0002\000\040\000r\000e\000p\000r\000i\000o\000r\000i\000t\000i\000s\000e\000M\000a\000p\000\050\000\051}{subsection.3.1.3}% 22
\BOOKMARK [3][-]{subsubsection.3.1.3.13}{\376\377\0003\000.\0001\000.\0003\000.\0001\0003\000\040\000s\000i\000d\000e\000s\000C\000l\000e\000a\000r\000\050\000\051}{subsection.3.1.3}% 23
\BOOKMARK [3][-]{subsubsection.3.1.3.14}{\376\377\0003\000.\0001\000.\0003\000.\0001\0004\000\040\000t\000e\000s\000t\000M\000a\000p\000\050\000\051}{subsection.3.1.3}% 24
\BOOKMARK [3][-]{subsubsection.3.1.3.15}{\376\377\0003\000.\0001\000.\0003\000.\0001\0005\000\040\000t\000e\000s\000t\000M\000i\000l\000l\000i\000T\000o\000G\000r\000i\000d\000\050\000\051}{subsection.3.1.3}% 25
\BOOKMARK [3][-]{subsubsection.3.1.3.16}{\376\377\0003\000.\0001\000.\0003\000.\0001\0006\000\040\000t\000e\000s\000t\000M\000o\000v\000e\000\050\000\051}{subsection.3.1.3}% 26
\BOOKMARK [3][-]{subsubsection.3.1.3.17}{\376\377\0003\000.\0001\000.\0003\000.\0001\0007\000\040\000t\000e\000s\000t\000O\000b\000s\000t\000a\000c\000l\000e\000D\000a\000t\000a\000\050\000\051}{subsection.3.1.3}% 27
\BOOKMARK [2][-]{subsection.3.1.4}{\376\377\0003\000.\0001\000.\0004\000\040\000M\000e\000m\000b\000e\000r\000\040\000D\000a\000t\000a\000\040\000D\000o\000c\000u\000m\000e\000n\000t\000a\000t\000i\000o\000n}{section.3.1}% 28
\BOOKMARK [3][-]{subsubsection.3.1.4.1}{\376\377\0003\000.\0001\000.\0004\000.\0001\000\040\000g\000r\000i\000d\000\137}{subsection.3.1.4}% 29
\BOOKMARK [1][-]{section.3.2}{\376\377\0003\000.\0002\000\040\000O\000b\000s\000t\000a\000c\000l\000e\000D\000e\000t\000e\000c\000t\000i\000o\000n\000\040\000C\000l\000a\000s\000s\000\040\000R\000e\000f\000e\000r\000e\000n\000c\000e}{chapter.3}% 30
\BOOKMARK [2][-]{subsection.3.2.1}{\376\377\0003\000.\0002\000.\0001\000\040\000D\000e\000t\000a\000i\000l\000e\000d\000\040\000D\000e\000s\000c\000r\000i\000p\000t\000i\000o\000n}{section.3.2}% 31
\BOOKMARK [2][-]{subsection.3.2.2}{\376\377\0003\000.\0002\000.\0002\000\040\000C\000o\000n\000s\000t\000r\000u\000c\000t\000o\000r\000\040\000\046\000\040\000D\000e\000s\000t\000r\000u\000c\000t\000o\000r\000\040\000D\000o\000c\000u\000m\000e\000n\000t\000a\000t\000i\000o\000n}{section.3.2}% 32
\BOOKMARK [3][-]{subsubsection.3.2.2.1}{\376\377\0003\000.\0002\000.\0002\000.\0001\000\040\000O\000b\000s\000t\000a\000c\000l\000e\000D\000e\000t\000e\000c\000t\000i\000o\000n\000\050\000\051\000\040\000[\0001\000/\0002\000]}{subsection.3.2.2}% 33
\BOOKMARK [3][-]{subsubsection.3.2.2.2}{\376\377\0003\000.\0002\000.\0002\000.\0002\000\040\000O\000b\000s\000t\000a\000c\000l\000e\000D\000e\000t\000e\000c\000t\000i\000o\000n\000\050\000\051\000\040\000[\0002\000/\0002\000]}{subsection.3.2.2}% 34
\BOOKMARK [2][-]{subsection.3.2.3}{\376\377\0003\000.\0002\000.\0003\000\040\000M\000e\000m\000b\000e\000r\000\040\000F\000u\000n\000c\000t\000i\000o\000n\000\040\000D\000o\000c\000u\000m\000e\000n\000t\000a\000t\000i\000o\000n}{section.3.2}% 35
\BOOKMARK [3][-]{subsubsection.3.2.3.1}{\376\377\0003\000.\0002\000.\0003\000.\0001\000\040\000d\000e\000t\000e\000c\000t\000A\000l\000l\000S\000e\000n\000s\000o\000r\000s\000\050\000\051}{subsection.3.2.3}% 36
\BOOKMARK [3][-]{subsubsection.3.2.3.2}{\376\377\0003\000.\0002\000.\0003\000.\0002\000\040\000d\000e\000t\000e\000c\000t\000F\000r\000o\000n\000t\000S\000e\000n\000s\000o\000r\000\050\000\051}{subsection.3.2.3}% 37
\BOOKMARK [3][-]{subsubsection.3.2.3.3}{\376\377\0003\000.\0002\000.\0003\000.\0003\000\040\000d\000e\000t\000e\000c\000t\000L\000e\000f\000t\000S\000e\000n\000s\000o\000r\000\050\000\051}{subsection.3.2.3}% 38
\BOOKMARK [3][-]{subsubsection.3.2.3.4}{\376\377\0003\000.\0002\000.\0003\000.\0004\000\040\000d\000e\000t\000e\000c\000t\000R\000i\000g\000h\000t\000S\000e\000n\000s\000o\000r\000\050\000\051}{subsection.3.2.3}% 39
\BOOKMARK [3][-]{subsubsection.3.2.3.5}{\376\377\0003\000.\0002\000.\0003\000.\0005\000\040\000o\000d\000s\000T\000o\000N\000a\000v\000T\000e\000s\000t\000O\000b\000s\000t\000a\000c\000l\000e\000s\000\050\000\051}{subsection.3.2.3}% 40
\BOOKMARK [2][-]{subsection.3.2.4}{\376\377\0003\000.\0002\000.\0004\000\040\000M\000e\000m\000b\000e\000r\000\040\000D\000a\000t\000a\000\040\000D\000o\000c\000u\000m\000e\000n\000t\000a\000t\000i\000o\000n}{section.3.2}% 41
\BOOKMARK [3][-]{subsubsection.3.2.4.1}{\376\377\0003\000.\0002\000.\0004\000.\0001\000\040\000f\000r\000o\000n\000t\000S\000e\000n\000s\000o\000r\000P\000t\000r\000\137}{subsection.3.2.4}% 42
\BOOKMARK [3][-]{subsubsection.3.2.4.2}{\376\377\0003\000.\0002\000.\0004\000.\0002\000\040\000i\000t\000e\000r\000a\000t\000i\000o\000n\000s}{subsection.3.2.4}% 43
\BOOKMARK [3][-]{subsubsection.3.2.4.3}{\376\377\0003\000.\0002\000.\0004\000.\0003\000\040\000l\000e\000f\000t\000S\000e\000n\000s\000o\000r\000P\000t\000r\000\137}{subsection.3.2.4}% 44
\BOOKMARK [3][-]{subsubsection.3.2.4.4}{\376\377\0003\000.\0002\000.\0004\000.\0004\000\040\000n\000a\000v\000P\000t\000r\000\137}{subsection.3.2.4}% 45
\BOOKMARK [3][-]{subsubsection.3.2.4.5}{\376\377\0003\000.\0002\000.\0004\000.\0005\000\040\000r\000i\000g\000h\000t\000S\000e\000n\000s\000o\000r\000P\000t\000r\000\137}{subsection.3.2.4}% 46
\BOOKMARK [1][-]{section.3.3}{\376\377\0003\000.\0003\000\040\000O\000b\000s\000t\000a\000c\000l\000e\000S\000e\000n\000s\000o\000r\000\040\000C\000l\000a\000s\000s\000\040\000R\000e\000f\000e\000r\000e\000n\000c\000e}{chapter.3}% 47
\BOOKMARK [2][-]{subsection.3.3.1}{\376\377\0003\000.\0003\000.\0001\000\040\000D\000e\000t\000a\000i\000l\000e\000d\000\040\000D\000e\000s\000c\000r\000i\000p\000t\000i\000o\000n}{section.3.3}% 48
\BOOKMARK [2][-]{subsection.3.3.2}{\376\377\0003\000.\0003\000.\0002\000\040\000C\000o\000n\000s\000t\000r\000u\000c\000t\000o\000r\000\040\000\046\000\040\000D\000e\000s\000t\000r\000u\000c\000t\000o\000r\000\040\000D\000o\000c\000u\000m\000e\000n\000t\000a\000t\000i\000o\000n}{section.3.3}% 49
\BOOKMARK [3][-]{subsubsection.3.3.2.1}{\376\377\0003\000.\0003\000.\0002\000.\0001\000\040\000O\000b\000s\000t\000a\000c\000l\000e\000S\000e\000n\000s\000o\000r\000\050\000\051\000\040\000[\0001\000/\0002\000]}{subsection.3.3.2}% 50
\BOOKMARK [3][-]{subsubsection.3.3.2.2}{\376\377\0003\000.\0003\000.\0002\000.\0002\000\040\000O\000b\000s\000t\000a\000c\000l\000e\000S\000e\000n\000s\000o\000r\000\050\000\051\000\040\000[\0002\000/\0002\000]}{subsection.3.3.2}% 51
\BOOKMARK [2][-]{subsection.3.3.3}{\376\377\0003\000.\0003\000.\0003\000\040\000M\000e\000m\000b\000e\000r\000\040\000F\000u\000n\000c\000t\000i\000o\000n\000\040\000D\000o\000c\000u\000m\000e\000n\000t\000a\000t\000i\000o\000n}{section.3.3}% 52
\BOOKMARK [3][-]{subsubsection.3.3.3.1}{\376\377\0003\000.\0003\000.\0003\000.\0001\000\040\000a\000c\000t\000i\000v\000a\000t\000e\000S\000e\000n\000s\000o\000r\000\050\000\051}{subsection.3.3.3}% 53
\BOOKMARK [3][-]{subsubsection.3.3.3.2}{\376\377\0003\000.\0003\000.\0003\000.\0002\000\040\000c\000a\000l\000c\000u\000l\000a\000t\000e\000S\000o\000u\000n\000d\000C\000m\000\050\000\051}{subsection.3.3.3}% 54
\BOOKMARK [3][-]{subsubsection.3.3.3.3}{\376\377\0003\000.\0003\000.\0003\000.\0003\000\040\000p\000r\000i\000n\000t\000D\000i\000s\000t\000a\000n\000c\000e\000\050\000\051}{subsection.3.3.3}% 55
\BOOKMARK [3][-]{subsubsection.3.3.3.4}{\376\377\0003\000.\0003\000.\0003\000.\0004\000\040\000p\000r\000i\000n\000t\000S\000o\000u\000n\000d\000\050\000\051}{subsection.3.3.3}% 56
\BOOKMARK [3][-]{subsubsection.3.3.3.5}{\376\377\0003\000.\0003\000.\0003\000.\0005\000\040\000u\000p\000d\000a\000t\000e\000O\000d\000s\000D\000a\000t\000a\000\050\000\051}{subsection.3.3.3}% 57
\BOOKMARK [2][-]{subsection.3.3.4}{\376\377\0003\000.\0003\000.\0004\000\040\000M\000e\000m\000b\000e\000r\000\040\000D\000a\000t\000a\000\040\000D\000o\000c\000u\000m\000e\000n\000t\000a\000t\000i\000o\000n}{section.3.3}% 58
\BOOKMARK [3][-]{subsubsection.3.3.4.1}{\376\377\0003\000.\0003\000.\0004\000.\0001\000\040\000b\000i\000a\000s\000\137}{subsection.3.3.4}% 59
\BOOKMARK [3][-]{subsubsection.3.3.4.2}{\376\377\0003\000.\0003\000.\0004\000.\0002\000\040\000d\000i\000s\000t\000a\000n\000c\000e\000\137}{subsection.3.3.4}% 60
\BOOKMARK [3][-]{subsubsection.3.3.4.3}{\376\377\0003\000.\0003\000.\0004\000.\0003\000\040\000d\000u\000r\000a\000t\000i\000o\000n\000\137}{subsection.3.3.4}% 61
\BOOKMARK [3][-]{subsubsection.3.3.4.4}{\376\377\0003\000.\0003\000.\0004\000.\0004\000\040\000e\000c\000h\000o\000P\000i\000n\000\137}{subsection.3.3.4}% 62
\BOOKMARK [3][-]{subsubsection.3.3.4.5}{\376\377\0003\000.\0003\000.\0004\000.\0005\000\040\000g\000r\000i\000d\000X\000\137}{subsection.3.3.4}% 63
\BOOKMARK [3][-]{subsubsection.3.3.4.6}{\376\377\0003\000.\0003\000.\0004\000.\0006\000\040\000g\000r\000i\000d\000Y\000\137}{subsection.3.3.4}% 64
\BOOKMARK [3][-]{subsubsection.3.3.4.7}{\376\377\0003\000.\0003\000.\0004\000.\0007\000\040\000h\000e\000a\000d\000i\000n\000g\000\137}{subsection.3.3.4}% 65
\BOOKMARK [3][-]{subsubsection.3.3.4.8}{\376\377\0003\000.\0003\000.\0004\000.\0008\000\040\000m\000a\000x\000D\000i\000s\000t\000a\000n\000c\000e\000\137}{subsection.3.3.4}% 66
\BOOKMARK [3][-]{subsubsection.3.3.4.9}{\376\377\0003\000.\0003\000.\0004\000.\0009\000\040\000o\000b\000j\000G\000r\000i\000d\000R\000e\000f\000\137}{subsection.3.3.4}% 67
\BOOKMARK [3][-]{subsubsection.3.3.4.10}{\376\377\0003\000.\0003\000.\0004\000.\0001\0000\000\040\000o\000b\000j\000X\000\137}{subsection.3.3.4}% 68
\BOOKMARK [3][-]{subsubsection.3.3.4.11}{\376\377\0003\000.\0003\000.\0004\000.\0001\0001\000\040\000o\000b\000j\000X\000D\000i\000s\000t\000\137}{subsection.3.3.4}% 69
\BOOKMARK [3][-]{subsubsection.3.3.4.12}{\376\377\0003\000.\0003\000.\0004\000.\0001\0002\000\040\000o\000b\000j\000Y\000\137}{subsection.3.3.4}% 70
\BOOKMARK [3][-]{subsubsection.3.3.4.13}{\376\377\0003\000.\0003\000.\0004\000.\0001\0003\000\040\000o\000b\000j\000Y\000D\000i\000s\000t\000\137}{subsection.3.3.4}% 71
\BOOKMARK [3][-]{subsubsection.3.3.4.14}{\376\377\0003\000.\0003\000.\0004\000.\0001\0004\000\040\000o\000f\000f\000s\000e\000t\000X\000\137}{subsection.3.3.4}% 72
\BOOKMARK [3][-]{subsubsection.3.3.4.15}{\376\377\0003\000.\0003\000.\0004\000.\0001\0005\000\040\000o\000f\000f\000s\000e\000t\000Y\000\137}{subsection.3.3.4}% 73
\BOOKMARK [3][-]{subsubsection.3.3.4.16}{\376\377\0003\000.\0003\000.\0004\000.\0001\0006\000\040\000s\000e\000n\000s\000o\000r\000A\000n\000g\000l\000e\000\137}{subsection.3.3.4}% 74
\BOOKMARK [3][-]{subsubsection.3.3.4.17}{\376\377\0003\000.\0003\000.\0004\000.\0001\0007\000\040\000s\000e\000n\000s\000o\000r\000G\000r\000i\000d\000A\000n\000g\000l\000e\000\137}{subsection.3.3.4}% 75
\BOOKMARK [3][-]{subsubsection.3.3.4.18}{\376\377\0003\000.\0003\000.\0004\000.\0001\0008\000\040\000s\000o\000n\000a\000r\000\137}{subsection.3.3.4}% 76
\BOOKMARK [3][-]{subsubsection.3.3.4.19}{\376\377\0003\000.\0003\000.\0004\000.\0001\0009\000\040\000s\000o\000u\000n\000d\000c\000m\000\137}{subsection.3.3.4}% 77
\BOOKMARK [3][-]{subsubsection.3.3.4.20}{\376\377\0003\000.\0003\000.\0004\000.\0002\0000\000\040\000t\000r\000i\000g\000g\000e\000r\000P\000i\000n\000\137}{subsection.3.3.4}% 78
\BOOKMARK [3][-]{subsubsection.3.3.4.21}{\376\377\0003\000.\0003\000.\0004\000.\0002\0001\000\040\000u\000n\000i\000t\000V\000e\000c\000t\000\137}{subsection.3.3.4}% 79
\BOOKMARK [3][-]{subsubsection.3.3.4.22}{\376\377\0003\000.\0003\000.\0004\000.\0002\0002\000\040\000x\000D\000i\000s\000t\000C\000o\000m\000p\000\137}{subsection.3.3.4}% 80
\BOOKMARK [3][-]{subsubsection.3.3.4.23}{\376\377\0003\000.\0003\000.\0004\000.\0002\0003\000\040\000x\000P\000o\000s\000\137}{subsection.3.3.4}% 81
\BOOKMARK [3][-]{subsubsection.3.3.4.24}{\376\377\0003\000.\0003\000.\0004\000.\0002\0004\000\040\000y\000D\000i\000s\000t\000C\000o\000m\000p\000\137}{subsection.3.3.4}% 82
\BOOKMARK [3][-]{subsubsection.3.3.4.25}{\376\377\0003\000.\0003\000.\0004\000.\0002\0005\000\040\000y\000P\000o\000s\000\137}{subsection.3.3.4}% 83
\BOOKMARK [0][-]{chapter.4}{\376\377\0004\000\040\000F\000i\000l\000e\000\040\000D\000o\000c\000u\000m\000e\000n\000t\000a\000t\000i\000o\000n}{}% 84
\BOOKMARK [1][-]{section.4.1}{\376\377\0004\000.\0001\000\040\000b\000o\000t\000M\000a\000i\000n\000.\000i\000n\000o\000\040\000F\000i\000l\000e\000\040\000R\000e\000f\000e\000r\000e\000n\000c\000e}{chapter.4}% 85
\BOOKMARK [2][-]{subsection.4.1.1}{\376\377\0004\000.\0001\000.\0001\000\040\000D\000e\000t\000a\000i\000l\000e\000d\000\040\000D\000e\000s\000c\000r\000i\000p\000t\000i\000o\000n}{section.4.1}% 86
\BOOKMARK [2][-]{subsection.4.1.2}{\376\377\0004\000.\0001\000.\0002\000\040\000M\000a\000c\000r\000o\000\040\000D\000e\000f\000i\000n\000i\000t\000i\000o\000n\000\040\000D\000o\000c\000u\000m\000e\000n\000t\000a\000t\000i\000o\000n}{section.4.1}% 87
\BOOKMARK [3][-]{subsubsection.4.1.2.1}{\376\377\0004\000.\0001\000.\0002\000.\0001\000\040\000B\000A\000C\000K\000W\000A\000R\000D\000\137\000D\000I\000R}{subsection.4.1.2}% 88
\BOOKMARK [3][-]{subsubsection.4.1.2.2}{\376\377\0004\000.\0001\000.\0002\000.\0002\000\040\000D\000I\000A\000G\000\137\000B\000A\000C\000K\000\137\000L\000E\000F\000T}{subsection.4.1.2}% 89
\BOOKMARK [3][-]{subsubsection.4.1.2.3}{\376\377\0004\000.\0001\000.\0002\000.\0003\000\040\000D\000I\000A\000G\000\137\000B\000A\000C\000K\000\137\000R\000I\000G\000H\000T}{subsection.4.1.2}% 90
\BOOKMARK [3][-]{subsubsection.4.1.2.4}{\376\377\0004\000.\0001\000.\0002\000.\0004\000\040\000D\000I\000A\000G\000\137\000F\000O\000R\000\137\000L\000E\000F\000T}{subsection.4.1.2}% 91
\BOOKMARK [3][-]{subsubsection.4.1.2.5}{\376\377\0004\000.\0001\000.\0002\000.\0005\000\040\000D\000I\000A\000G\000\137\000F\000O\000R\000\137\000R\000I\000G\000H\000T}{subsection.4.1.2}% 92
\BOOKMARK [3][-]{subsubsection.4.1.2.6}{\376\377\0004\000.\0001\000.\0002\000.\0006\000\040\000F\000O\000R\000W\000A\000R\000D\000\137\000D\000I\000R}{subsection.4.1.2}% 93
\BOOKMARK [3][-]{subsubsection.4.1.2.7}{\376\377\0004\000.\0001\000.\0002\000.\0007\000\040\000L\000E\000F\000T\000\137\000D\000I\000R}{subsection.4.1.2}% 94
\BOOKMARK [3][-]{subsubsection.4.1.2.8}{\376\377\0004\000.\0001\000.\0002\000.\0008\000\040\000R\000I\000G\000H\000T\000\137\000D\000I\000R}{subsection.4.1.2}% 95
\BOOKMARK [2][-]{subsection.4.1.3}{\376\377\0004\000.\0001\000.\0003\000\040\000F\000u\000n\000c\000t\000i\000o\000n\000\040\000D\000o\000c\000u\000m\000e\000n\000t\000a\000t\000i\000o\000n}{section.4.1}% 96
\BOOKMARK [3][-]{subsubsection.4.1.3.1}{\376\377\0004\000.\0001\000.\0003\000.\0001\000\040\000B\000T\000\050\000\051}{subsection.4.1.3}% 97
\BOOKMARK [3][-]{subsubsection.4.1.3.2}{\376\377\0004\000.\0001\000.\0003\000.\0002\000\040\000b\000t\000P\000r\000i\000n\000t\000M\000a\000p\000\050\000\051}{subsection.4.1.3}% 98
\BOOKMARK [3][-]{subsubsection.4.1.3.3}{\376\377\0004\000.\0001\000.\0003\000.\0003\000\040\000b\000t\000P\000r\000i\000n\000t\000S\000e\000n\000s\000o\000r\000D\000i\000s\000t\000a\000n\000c\000e\000s\000\050\000\051}{subsection.4.1.3}% 99
\BOOKMARK [3][-]{subsubsection.4.1.3.4}{\376\377\0004\000.\0001\000.\0003\000.\0004\000\040\000c\000g\000k\000\137\000l\000e\000f\000t\000\050\000\051}{subsection.4.1.3}% 100
\BOOKMARK [3][-]{subsubsection.4.1.3.5}{\376\377\0004\000.\0001\000.\0003\000.\0005\000\040\000c\000g\000k\000\137\000r\000i\000g\000h\000t\000\050\000\051}{subsection.4.1.3}% 101
\BOOKMARK [3][-]{subsubsection.4.1.3.6}{\376\377\0004\000.\0001\000.\0003\000.\0006\000\040\000g\000e\000t\000C\000o\000o\000r\000d\000i\000n\000a\000t\000e\000s\000\050\000\051}{subsection.4.1.3}% 102
\BOOKMARK [3][-]{subsubsection.4.1.3.7}{\376\377\0004\000.\0001\000.\0003\000.\0007\000\040\000g\000e\000t\000C\000o\000o\000r\000d\000i\000n\000a\000t\000e\000s\000V\0002\000\050\000\051}{subsection.4.1.3}% 103
\BOOKMARK [3][-]{subsubsection.4.1.3.8}{\376\377\0004\000.\0001\000.\0003\000.\0008\000\040\000g\000e\000t\000H\000e\000a\000d\000i\000n\000g\000\050\000\051}{subsection.4.1.3}% 104
\BOOKMARK [3][-]{subsubsection.4.1.3.9}{\376\377\0004\000.\0001\000.\0003\000.\0009\000\040\000h\000e\000a\000d\000i\000n\000g\000I\000n\000i\000t\000\050\000\051}{subsection.4.1.3}% 105
\BOOKMARK [3][-]{subsubsection.4.1.3.10}{\376\377\0004\000.\0001\000.\0003\000.\0001\0000\000\040\000l\000o\000o\000p\000\050\000\051}{subsection.4.1.3}% 106
\BOOKMARK [3][-]{subsubsection.4.1.3.11}{\376\377\0004\000.\0001\000.\0003\000.\0001\0001\000\040\000m\000o\000v\000e\000B\000a\000c\000k\000w\000a\000r\000d\000\050\000\051}{subsection.4.1.3}% 107
\BOOKMARK [3][-]{subsubsection.4.1.3.12}{\376\377\0004\000.\0001\000.\0003\000.\0001\0002\000\040\000m\000o\000v\000e\000F\000o\000r\000w\000a\000r\000d\000\050\000\051}{subsection.4.1.3}% 108
\BOOKMARK [3][-]{subsubsection.4.1.3.13}{\376\377\0004\000.\0001\000.\0003\000.\0001\0003\000\040\000s\000e\000n\000d\000B\000T\000D\000a\000t\000a\000\050\000\051}{subsection.4.1.3}% 109
\BOOKMARK [3][-]{subsubsection.4.1.3.14}{\376\377\0004\000.\0001\000.\0003\000.\0001\0004\000\040\000s\000e\000t\000A\000n\000c\000h\000o\000r\000s\000M\000a\000n\000u\000a\000l\000\050\000\051}{subsection.4.1.3}% 110
\BOOKMARK [3][-]{subsubsection.4.1.3.15}{\376\377\0004\000.\0001\000.\0003\000.\0001\0005\000\040\000s\000e\000t\000u\000p\000\050\000\051}{subsection.4.1.3}% 111
\BOOKMARK [3][-]{subsubsection.4.1.3.16}{\376\377\0004\000.\0001\000.\0003\000.\0001\0006\000\040\000t\000u\000r\000n\000L\000e\000f\000t\000\050\000\051}{subsection.4.1.3}% 112
\BOOKMARK [3][-]{subsubsection.4.1.3.17}{\376\377\0004\000.\0001\000.\0003\000.\0001\0007\000\040\000t\000u\000r\000n\000R\000i\000g\000h\000t\000\050\000\051}{subsection.4.1.3}% 113
\BOOKMARK [2][-]{subsection.4.1.4}{\376\377\0004\000.\0001\000.\0004\000\040\000V\000a\000r\000i\000a\000b\000l\000e\000\040\000D\000o\000c\000u\000m\000e\000n\000t\000a\000t\000i\000o\000n}{section.4.1}% 114
\BOOKMARK [3][-]{subsubsection.4.1.4.1}{\376\377\0004\000.\0001\000.\0004\000.\0001\000\040\000A\000F\000M\000S}{subsection.4.1.4}% 115
\BOOKMARK [3][-]{subsubsection.4.1.4.2}{\376\377\0004\000.\0001\000.\0004\000.\0002\000\040\000a\000l\000g\000o\000r\000i\000t\000h\000m}{subsection.4.1.4}% 116
\BOOKMARK [3][-]{subsubsection.4.1.4.3}{\376\377\0004\000.\0001\000.\0004\000.\0003\000\040\000a\000n\000c\000h\000o\000r\000s}{subsection.4.1.4}% 117
\BOOKMARK [3][-]{subsubsection.4.1.4.4}{\376\377\0004\000.\0001\000.\0004\000.\0004\000\040\000a\000n\000c\000h\000o\000r\000s\000\137\000x}{subsection.4.1.4}% 118
\BOOKMARK [3][-]{subsubsection.4.1.4.5}{\376\377\0004\000.\0001\000.\0004\000.\0005\000\040\000a\000n\000c\000h\000o\000r\000s\000\137\000y}{subsection.4.1.4}% 119
\BOOKMARK [3][-]{subsubsection.4.1.4.6}{\376\377\0004\000.\0001\000.\0004\000.\0006\000\040\000b\000a\000s\000i\000c\000A\000v\000g\000A\000m\000t}{subsection.4.1.4}% 120
\BOOKMARK [3][-]{subsubsection.4.1.4.7}{\376\377\0004\000.\0001\000.\0004\000.\0007\000\040\000c\000g\000k\000\137\000b\000a\000c\000k\000\137\000l\000i\000t\000t\000l\000e}{subsection.4.1.4}% 121
\BOOKMARK [3][-]{subsubsection.4.1.4.8}{\376\377\0004\000.\0001\000.\0004\000.\0008\000\040\000c\000g\000k\000\137\000b\000a\000c\000k\000\137\000o\000n\000e}{subsection.4.1.4}% 122
\BOOKMARK [3][-]{subsubsection.4.1.4.9}{\376\377\0004\000.\0001\000.\0004\000.\0009\000\040\000c\000g\000k\000\137\000b\000r\000a\000k\000e\000\137\000t\000i\000m\000e}{subsection.4.1.4}% 123
\BOOKMARK [3][-]{subsubsection.4.1.4.10}{\376\377\0004\000.\0001\000.\0004\000.\0001\0000\000\040\000c\000g\000k\000\137\000f\000i\000r\000s\000t\000\137\000a\000n\000g\000l\000e\000\137\000d\000i\000v\000i\000d\000e\000r}{subsection.4.1.4}% 124
\BOOKMARK [3][-]{subsubsection.4.1.4.11}{\376\377\0004\000.\0001\000.\0004\000.\0001\0001\000\040\000c\000g\000k\000\137\000f\000w\000d\000\137\000e\000n\000d\000\137\000t\000u\000r\000n}{subsection.4.1.4}% 125
\BOOKMARK [3][-]{subsubsection.4.1.4.12}{\376\377\0004\000.\0001\000.\0004\000.\0001\0002\000\040\000c\000g\000k\000\137\000f\000w\000d\000\137\000l\000i\000t\000t\000l\000e}{subsection.4.1.4}% 126
\BOOKMARK [3][-]{subsubsection.4.1.4.13}{\376\377\0004\000.\0001\000.\0004\000.\0001\0003\000\040\000c\000g\000k\000\137\000f\000w\000d\000\137\000o\000n\000e}{subsection.4.1.4}% 127
\BOOKMARK [3][-]{subsubsection.4.1.4.14}{\376\377\0004\000.\0001\000.\0004\000.\0001\0004\000\040\000c\000g\000k\000\137\000m\000o\000t\000o\000r\000\137\000s\000p\000e\000e\000d}{subsection.4.1.4}% 128
\BOOKMARK [3][-]{subsubsection.4.1.4.15}{\376\377\0004\000.\0001\000.\0004\000.\0001\0005\000\040\000c\000g\000k\000\137\000s\000t\000r\000a\000i\000g\000h\000t}{subsection.4.1.4}% 129
\BOOKMARK [3][-]{subsubsection.4.1.4.16}{\376\377\0004\000.\0001\000.\0004\000.\0001\0006\000\040\000c\000g\000k\000\137\000t\000u\000r\000n\000\137\000d\000e\000l\000a\000y}{subsection.4.1.4}% 130
\BOOKMARK [3][-]{subsubsection.4.1.4.17}{\376\377\0004\000.\0001\000.\0004\000.\0001\0007\000\040\000d\000i\000m\000e\000n\000s\000i\000o\000n}{subsection.4.1.4}% 131
\BOOKMARK [3][-]{subsubsection.4.1.4.18}{\376\377\0004\000.\0001\000.\0004\000.\0001\0008\000\040\000f\000r\000o\000n\000t\000E\000c\000h\000o\000P\000i\000n}{subsection.4.1.4}% 132
\BOOKMARK [3][-]{subsubsection.4.1.4.19}{\376\377\0004\000.\0001\000.\0004\000.\0001\0009\000\040\000f\000r\000o\000n\000t\000S\000e\000n\000s\000o\000r}{subsection.4.1.4}% 133
\BOOKMARK [3][-]{subsubsection.4.1.4.20}{\376\377\0004\000.\0001\000.\0004\000.\0002\0000\000\040\000f\000r\000o\000n\000t\000s\000e\000n\000s\000o\000r\000A\000n\000g\000l\000e}{subsection.4.1.4}% 134
\BOOKMARK [3][-]{subsubsection.4.1.4.21}{\376\377\0004\000.\0001\000.\0004\000.\0002\0001\000\040\000f\000r\000o\000n\000t\000T\000r\000i\000g\000g\000e\000r\000P\000i\000n}{subsection.4.1.4}% 135
\BOOKMARK [3][-]{subsubsection.4.1.4.22}{\376\377\0004\000.\0001\000.\0004\000.\0002\0002\000\040\000f\000r\000o\000n\000t\000X\000O\000f\000f\000s\000e\000t}{subsection.4.1.4}% 136
\BOOKMARK [3][-]{subsubsection.4.1.4.23}{\376\377\0004\000.\0001\000.\0004\000.\0002\0003\000\040\000f\000r\000o\000n\000t\000Y\000O\000f\000f\000s\000e\000t}{subsection.4.1.4}% 137
\BOOKMARK [3][-]{subsubsection.4.1.4.24}{\376\377\0004\000.\0001\000.\0004\000.\0002\0004\000\040\000h\000e\000a\000d\000i\000n\000g}{subsection.4.1.4}% 138
\BOOKMARK [3][-]{subsubsection.4.1.4.25}{\376\377\0004\000.\0001\000.\0004\000.\0002\0005\000\040\000h\000e\000a\000d\000i\000n\000g\000O\000f\000f\000s\000e\000t}{subsection.4.1.4}% 139
\BOOKMARK [3][-]{subsubsection.4.1.4.26}{\376\377\0004\000.\0001\000.\0004\000.\0002\0006\000\040\000h\000e\000i\000g\000h\000t}{subsection.4.1.4}% 140
\BOOKMARK [3][-]{subsubsection.4.1.4.27}{\376\377\0004\000.\0001\000.\0004\000.\0002\0007\000\040\000h\000e\000i\000g\000h\000t\000s}{subsection.4.1.4}% 141
\BOOKMARK [3][-]{subsubsection.4.1.4.28}{\376\377\0004\000.\0001\000.\0004\000.\0002\0008\000\040\000l\000e\000f\000t\000E\000c\000h\000o\000P\000i\000n}{subsection.4.1.4}% 142
\BOOKMARK [3][-]{subsubsection.4.1.4.29}{\376\377\0004\000.\0001\000.\0004\000.\0002\0009\000\040\000l\000e\000f\000t\000S\000e\000n\000s\000o\000r}{subsection.4.1.4}% 143
\BOOKMARK [3][-]{subsubsection.4.1.4.30}{\376\377\0004\000.\0001\000.\0004\000.\0003\0000\000\040\000l\000e\000f\000t\000s\000e\000n\000s\000o\000r\000A\000n\000g\000l\000e}{subsection.4.1.4}% 144
\BOOKMARK [3][-]{subsubsection.4.1.4.31}{\376\377\0004\000.\0001\000.\0004\000.\0003\0001\000\040\000l\000e\000f\000t\000T\000r\000i\000g\000g\000e\000r\000P\000i\000n}{subsection.4.1.4}% 145
\BOOKMARK [3][-]{subsubsection.4.1.4.32}{\376\377\0004\000.\0001\000.\0004\000.\0003\0002\000\040\000l\000e\000f\000t\000X\000O\000f\000f\000s\000e\000t}{subsection.4.1.4}% 146
\BOOKMARK [3][-]{subsubsection.4.1.4.33}{\376\377\0004\000.\0001\000.\0004\000.\0003\0003\000\040\000l\000e\000f\000t\000Y\000O\000f\000f\000s\000e\000t}{subsection.4.1.4}% 147
\BOOKMARK [3][-]{subsubsection.4.1.4.34}{\376\377\0004\000.\0001\000.\0004\000.\0003\0004\000\040\000m\000y\000M\000o\000t\000o\000r}{subsection.4.1.4}% 148
\BOOKMARK [3][-]{subsubsection.4.1.4.35}{\376\377\0004\000.\0001\000.\0004\000.\0003\0005\000\040\000n\000a\000v}{subsection.4.1.4}% 149
\BOOKMARK [3][-]{subsubsection.4.1.4.36}{\376\377\0004\000.\0001\000.\0004\000.\0003\0006\000\040\000n\000u\000m\000\137\000a\000n\000c\000h\000o\000r\000s}{subsection.4.1.4}% 150
\BOOKMARK [3][-]{subsubsection.4.1.4.37}{\376\377\0004\000.\0001\000.\0004\000.\0003\0007\000\040\000n\000u\000m\000\137\000t\000o\000\137\000a\000v\000g}{subsection.4.1.4}% 151
\BOOKMARK [3][-]{subsubsection.4.1.4.38}{\376\377\0004\000.\0001\000.\0004\000.\0003\0008\000\040\000r\000e\000s\000u\000l\000t}{subsection.4.1.4}% 152
\BOOKMARK [3][-]{subsubsection.4.1.4.39}{\376\377\0004\000.\0001\000.\0004\000.\0003\0009\000\040\000r\000e\000t\000u\000r\000n\000T\000o\000S\000t\000a\000r\000t}{subsection.4.1.4}% 153
\BOOKMARK [3][-]{subsubsection.4.1.4.40}{\376\377\0004\000.\0001\000.\0004\000.\0004\0000\000\040\000r\000i\000g\000h\000t\000E\000c\000h\000o\000P\000i\000n}{subsection.4.1.4}% 154
\BOOKMARK [3][-]{subsubsection.4.1.4.41}{\376\377\0004\000.\0001\000.\0004\000.\0004\0001\000\040\000r\000i\000g\000h\000t\000S\000e\000n\000s\000o\000r}{subsection.4.1.4}% 155
\BOOKMARK [3][-]{subsubsection.4.1.4.42}{\376\377\0004\000.\0001\000.\0004\000.\0004\0002\000\040\000r\000i\000g\000h\000t\000s\000e\000n\000s\000o\000r\000A\000n\000g\000l\000e}{subsection.4.1.4}% 156
\BOOKMARK [3][-]{subsubsection.4.1.4.43}{\376\377\0004\000.\0001\000.\0004\000.\0004\0003\000\040\000r\000i\000g\000h\000t\000T\000r\000i\000g\000g\000e\000r\000P\000i\000n}{subsection.4.1.4}% 157
\BOOKMARK [3][-]{subsubsection.4.1.4.44}{\376\377\0004\000.\0001\000.\0004\000.\0004\0004\000\040\000r\000i\000g\000h\000t\000X\000O\000f\000f\000s\000e\000t}{subsection.4.1.4}% 158
\BOOKMARK [3][-]{subsubsection.4.1.4.45}{\376\377\0004\000.\0001\000.\0004\000.\0004\0005\000\040\000r\000i\000g\000h\000t\000Y\000O\000f\000f\000s\000e\000t}{subsection.4.1.4}% 159
\BOOKMARK [3][-]{subsubsection.4.1.4.46}{\376\377\0004\000.\0001\000.\0004\000.\0004\0006\000\040\000s\000e\000r\000v\000o\0001}{subsection.4.1.4}% 160
\BOOKMARK [3][-]{subsubsection.4.1.4.47}{\376\377\0004\000.\0001\000.\0004\000.\0004\0007\000\040\000t\000e\000m\000p\000P\000i\000n}{subsection.4.1.4}% 161
\BOOKMARK [3][-]{subsubsection.4.1.4.48}{\376\377\0004\000.\0001\000.\0004\000.\0004\0008\000\040\000x\000\137\000l\000o\000c}{subsection.4.1.4}% 162
\BOOKMARK [3][-]{subsubsection.4.1.4.49}{\376\377\0004\000.\0001\000.\0004\000.\0004\0009\000\040\000x\000\137\000l\000o\000c\000\137\000p\000r\000e\000v}{subsection.4.1.4}% 163
\BOOKMARK [3][-]{subsubsection.4.1.4.50}{\376\377\0004\000.\0001\000.\0004\000.\0005\0000\000\040\000x\000P\000o\000s\000S\000t\000a\000r\000t}{subsection.4.1.4}% 164
\BOOKMARK [3][-]{subsubsection.4.1.4.51}{\376\377\0004\000.\0001\000.\0004\000.\0005\0001\000\040\000x\000P\000o\000s\000T\000a\000r\000g\000e\000t}{subsection.4.1.4}% 165
\BOOKMARK [3][-]{subsubsection.4.1.4.52}{\376\377\0004\000.\0001\000.\0004\000.\0005\0002\000\040\000y\000\137\000l\000o\000c}{subsection.4.1.4}% 166
\BOOKMARK [3][-]{subsubsection.4.1.4.53}{\376\377\0004\000.\0001\000.\0004\000.\0005\0003\000\040\000y\000\137\000l\000o\000c\000\137\000p\000r\000e\000v}{subsection.4.1.4}% 167
\BOOKMARK [3][-]{subsubsection.4.1.4.54}{\376\377\0004\000.\0001\000.\0004\000.\0005\0004\000\040\000y\000P\000o\000s\000S\000t\000a\000r\000t}{subsection.4.1.4}% 168
\BOOKMARK [3][-]{subsubsection.4.1.4.55}{\376\377\0004\000.\0001\000.\0004\000.\0005\0005\000\040\000y\000P\000o\000s\000T\000a\000r\000g\000e\000t}{subsection.4.1.4}% 169
\BOOKMARK [1][-]{section.4.2}{\376\377\0004\000.\0002\000\040\000c\000o\000m\000m\000o\000n\000.\000h\000\040\000F\000i\000l\000e\000\040\000R\000e\000f\000e\000r\000e\000n\000c\000e}{chapter.4}% 170
\BOOKMARK [2][-]{subsection.4.2.1}{\376\377\0004\000.\0002\000.\0001\000\040\000V\000a\000r\000i\000a\000b\000l\000e\000\040\000D\000o\000c\000u\000m\000e\000n\000t\000a\000t\000i\000o\000n}{section.4.2}% 171
\BOOKMARK [3][-]{subsubsection.4.2.1.1}{\376\377\0004\000.\0002\000.\0001\000.\0001\000\040\000D\000A\000T\000A}{subsection.4.2.1}% 172
\BOOKMARK [3][-]{subsubsection.4.2.1.2}{\376\377\0004\000.\0002\000.\0001\000.\0002\000\040\000E\000L\000E\000M\000E\000N\000T\000\137\000V\000A\000L\000U\000E}{subsection.4.2.1}% 173
\BOOKMARK [3][-]{subsubsection.4.2.1.3}{\376\377\0004\000.\0002\000.\0001\000.\0003\000\040\000E\000L\000E\000M\000E\000N\000T\000\137\000X\000P\000O\000S}{subsection.4.2.1}% 174
\BOOKMARK [3][-]{subsubsection.4.2.1.4}{\376\377\0004\000.\0002\000.\0001\000.\0004\000\040\000E\000L\000E\000M\000E\000N\000T\000\137\000Y\000P\000O\000S}{subsection.4.2.1}% 175
\BOOKMARK [3][-]{subsubsection.4.2.1.5}{\376\377\0004\000.\0002\000.\0001\000.\0005\000\040\000H\000E\000I\000G\000H\000T}{subsection.4.2.1}% 176
\BOOKMARK [3][-]{subsubsection.4.2.1.6}{\376\377\0004\000.\0002\000.\0001\000.\0006\000\040\000O\000B\000S\000T\000A\000C\000L\000E\000\137\000C\000O\000U\000N\000T}{subsection.4.2.1}% 177
\BOOKMARK [3][-]{subsubsection.4.2.1.7}{\376\377\0004\000.\0002\000.\0001\000.\0007\000\040\000t\000e\000s\000t\000\137\000m\000o\000d\000e}{subsection.4.2.1}% 178
\BOOKMARK [3][-]{subsubsection.4.2.1.8}{\376\377\0004\000.\0002\000.\0001\000.\0008\000\040\000W\000I\000D\000T\000H}{subsection.4.2.1}% 179
\BOOKMARK [1][-]{section.4.3}{\376\377\0004\000.\0003\000\040\000N\000a\000v\000i\000g\000a\000t\000o\000r\000.\000c\000p\000p\000\040\000F\000i\000l\000e\000\040\000R\000e\000f\000e\000r\000e\000n\000c\000e}{chapter.4}% 180
\BOOKMARK [2][-]{subsection.4.3.1}{\376\377\0004\000.\0003\000.\0001\000\040\000V\000a\000r\000i\000a\000b\000l\000e\000\040\000D\000o\000c\000u\000m\000e\000n\000t\000a\000t\000i\000o\000n}{section.4.3}% 181
\BOOKMARK [3][-]{subsubsection.4.3.1.1}{\376\377\0004\000.\0003\000.\0001\000.\0001\000\040\000m\000o\000v\000e\000H\000i\000s\000t\000o\000r\000y}{subsection.4.3.1}% 182
\BOOKMARK [3][-]{subsubsection.4.3.1.2}{\376\377\0004\000.\0003\000.\0001\000.\0002\000\040\000x\000P\000o\000s\000S\000t\000a\000r\000t\000N\000a\000v}{subsection.4.3.1}% 183
\BOOKMARK [3][-]{subsubsection.4.3.1.3}{\376\377\0004\000.\0003\000.\0001\000.\0003\000\040\000x\000P\000o\000s\000T\000a\000r\000g\000e\000t\000N\000a\000v}{subsection.4.3.1}% 184
\BOOKMARK [3][-]{subsubsection.4.3.1.4}{\376\377\0004\000.\0003\000.\0001\000.\0004\000\040\000y\000P\000o\000s\000S\000t\000a\000r\000t\000N\000a\000v}{subsection.4.3.1}% 185
\BOOKMARK [3][-]{subsubsection.4.3.1.5}{\376\377\0004\000.\0003\000.\0001\000.\0005\000\040\000y\000P\000o\000s\000T\000a\000r\000g\000e\000t\000N\000a\000v}{subsection.4.3.1}% 186
\BOOKMARK [1][-]{section.4.4}{\376\377\0004\000.\0004\000\040\000N\000a\000v\000i\000g\000a\000t\000o\000r\000.\000h\000\040\000F\000i\000l\000e\000\040\000R\000e\000f\000e\000r\000e\000n\000c\000e}{chapter.4}% 187
\BOOKMARK [2][-]{subsection.4.4.1}{\376\377\0004\000.\0004\000.\0001\000\040\000V\000a\000r\000i\000a\000b\000l\000e\000\040\000D\000o\000c\000u\000m\000e\000n\000t\000a\000t\000i\000o\000n}{section.4.4}% 188
\BOOKMARK [3][-]{subsubsection.4.4.1.1}{\376\377\0004\000.\0004\000.\0001\000.\0001\000\040\000D\000A\000T\000A}{subsection.4.4.1}% 189
\BOOKMARK [3][-]{subsubsection.4.4.1.2}{\376\377\0004\000.\0004\000.\0001\000.\0002\000\040\000E\000L\000E\000M\000E\000N\000T\000\137\000V\000A\000L\000U\000E}{subsection.4.4.1}% 190
\BOOKMARK [3][-]{subsubsection.4.4.1.3}{\376\377\0004\000.\0004\000.\0001\000.\0003\000\040\000E\000L\000E\000M\000E\000N\000T\000\137\000X\000P\000O\000S}{subsection.4.4.1}% 191
\BOOKMARK [3][-]{subsubsection.4.4.1.4}{\376\377\0004\000.\0004\000.\0001\000.\0004\000\040\000E\000L\000E\000M\000E\000N\000T\000\137\000Y\000P\000O\000S}{subsection.4.4.1}% 192
\BOOKMARK [3][-]{subsubsection.4.4.1.5}{\376\377\0004\000.\0004\000.\0001\000.\0005\000\040\000H\000E\000I\000G\000H\000T}{subsection.4.4.1}% 193
\BOOKMARK [3][-]{subsubsection.4.4.1.6}{\376\377\0004\000.\0004\000.\0001\000.\0006\000\040\000O\000B\000S\000T\000A\000C\000L\000E\000\137\000C\000O\000U\000N\000T}{subsection.4.4.1}% 194
\BOOKMARK [3][-]{subsubsection.4.4.1.7}{\376\377\0004\000.\0004\000.\0001\000.\0007\000\040\000W\000I\000D\000T\000H}{subsection.4.4.1}% 195
\BOOKMARK [1][-]{section.4.5}{\376\377\0004\000.\0005\000\040\000O\000b\000s\000t\000a\000c\000l\000e\000D\000e\000t\000e\000c\000t\000i\000o\000n\000.\000c\000p\000p\000\040\000F\000i\000l\000e\000\040\000R\000e\000f\000e\000r\000e\000n\000c\000e}{chapter.4}% 196
\BOOKMARK [1][-]{section.4.6}{\376\377\0004\000.\0006\000\040\000O\000b\000s\000t\000a\000c\000l\000e\000D\000e\000t\000e\000c\000t\000i\000o\000n\000.\000h\000\040\000F\000i\000l\000e\000\040\000R\000e\000f\000e\000r\000e\000n\000c\000e}{chapter.4}% 197
\BOOKMARK [1][-]{section.4.7}{\376\377\0004\000.\0007\000\040\000O\000b\000s\000t\000a\000c\000l\000e\000S\000e\000n\000s\000o\000r\000.\000c\000p\000p\000\040\000F\000i\000l\000e\000\040\000R\000e\000f\000e\000r\000e\000n\000c\000e}{chapter.4}% 198
\BOOKMARK [1][-]{section.4.8}{\376\377\0004\000.\0008\000\040\000O\000b\000s\000t\000a\000c\000l\000e\000S\000e\000n\000s\000o\000r\000.\000h\000\040\000F\000i\000l\000e\000\040\000R\000e\000f\000e\000r\000e\000n\000c\000e}{chapter.4}% 199
\BOOKMARK [0][-]{section*.24}{\376\377\000I\000n\000d\000e\000x}{}% 200
